c:\users\marcv\source\repos\xiang-lin-c\proyecto-mp\1. resources\vc143.pdb
c:\users\marcv\source\repos\xiang-lin-c\proyecto-mp\1. resources\vc143.idb
c:\users\cnlin\desktop\uni\programes\2n semetre\proyecto_juego_de_damas\1. resources\vc143.pdb
c:\users\cnlin\desktop\uni\programes\2n semetre\proyecto_juego_de_damas\1. resources\vc143.idb
c:\users\cnlin\desktop\uni\programes\2n semetre\proyecto_juego_de_damas\1. resources\tauler.obj
c:\users\cnlin\desktop\uni\programes\2n semetre\proyecto_juego_de_damas\1. resources\posicio.obj
c:\users\cnlin\desktop\uni\programes\2n semetre\proyecto_juego_de_damas\1. resources\moviment.obj
c:\users\cnlin\desktop\uni\programes\2n semetre\proyecto_juego_de_damas\1. resources\main.obj
c:\users\cnlin\desktop\uni\programes\2n semetre\proyecto_juego_de_damas\1. resources\joc.obj
c:\users\cnlin\desktop\uni\programes\2n semetre\proyecto_juego_de_damas\1. resources\graphicmanager.obj
c:\users\cnlin\desktop\uni\programes\2n semetre\proyecto_juego_de_damas\1. resources\fitxa.obj
c:\users\cnlin\desktop\uni\programes\2n semetre\proyecto_juego_de_damas\1. resources\cuamoviments.obj
c:\users\cnlin\desktop\uni\programes\2n semetre\proyecto_juego_de_damas\1. resources\video.obj
c:\users\cnlin\desktop\uni\programes\2n semetre\proyecto_juego_de_damas\1. resources\stb_vorbis.obj
c:\users\cnlin\desktop\uni\programes\2n semetre\proyecto_juego_de_damas\1. resources\sprites.obj
c:\users\cnlin\desktop\uni\programes\2n semetre\proyecto_juego_de_damas\1. resources\sound.obj
c:\users\cnlin\desktop\uni\programes\2n semetre\proyecto_juego_de_damas\1. resources\sdl_fontcache.obj
c:\users\cnlin\desktop\uni\programes\2n semetre\proyecto_juego_de_damas\1. resources\nfont.obj
c:\users\cnlin\desktop\uni\programes\2n semetre\proyecto_juego_de_damas\1. resources\mouse.obj
c:\users\cnlin\desktop\uni\programes\2n semetre\proyecto_juego_de_damas\1. resources\keyboard.obj
c:\users\cnlin\desktop\uni\programes\2n semetre\proyecto_juego_de_damas\1. resources\image_png.obj
c:\users\cnlin\desktop\uni\programes\2n semetre\proyecto_juego_de_damas\1. resources\debug.obj
c:\users\cnlin\desktop\uni\programes\2n semetre\proyecto_juego_de_damas\2. platforms\0. windows desktop\program\mp_practica.exe
c:\users\cnlin\desktop\uni\programes\2n semetre\proyecto_juego_de_damas\2. platforms\0. windows desktop\program\mp_practica.pdb
c:\users\cnlin\desktop\uni\programes\2n semetre\proyecto_juego_de_damas\1. resources\mp_practica.ilk
c:\users\cnlin\desktop\uni\programes\2n semetre\proyecto_juego_de_damas\2. platforms\0. windows desktop\\program\mp_practica.pdb
c:\users\cnlin\desktop\uni\programes\2n semetre\proyecto_juego_de_damas\2. platforms\0. windows desktop\\..\..\1. resources\mp_practica.vcxproj.filelistabsolute.txt
c:\users\cnlin\desktop\uni\programes\2n semetre\proyecto_juego_de_damas\1. resources\mp_practica.tlog\cl.command.1.tlog
c:\users\cnlin\desktop\uni\programes\2n semetre\proyecto_juego_de_damas\1. resources\mp_practica.tlog\cl.items.tlog
c:\users\cnlin\desktop\uni\programes\2n semetre\proyecto_juego_de_damas\1. resources\mp_practica.tlog\cl.read.1.tlog
c:\users\cnlin\desktop\uni\programes\2n semetre\proyecto_juego_de_damas\1. resources\mp_practica.tlog\cl.write.1.tlog
c:\users\cnlin\desktop\uni\programes\2n semetre\proyecto_juego_de_damas\1. resources\mp_practica.tlog\link.command.1.tlog
c:\users\cnlin\desktop\uni\programes\2n semetre\proyecto_juego_de_damas\1. resources\mp_practica.tlog\link.read.1.tlog
c:\users\cnlin\desktop\uni\programes\2n semetre\proyecto_juego_de_damas\1. resources\mp_practica.tlog\link.secondary.1.tlog
c:\users\cnlin\desktop\uni\programes\2n semetre\proyecto_juego_de_damas\1. resources\mp_practica.tlog\link.write.1.tlog
